0 info it worked if it ends with ok
1 verbose cli [ '/usr/bin/node',
1 verbose cli   '/usr/bin/npm',
1 verbose cli   'install',
1 verbose cli   '-g',
1 verbose cli   'generator-jquery-boilerplate' ]
2 info using npm@1.4.28
3 info using node@v0.10.32
4 verbose node symlink /usr/bin/node
5 verbose cache add [ 'generator-jquery-boilerplate', null ]
6 verbose cache add name=undefined spec="generator-jquery-boilerplate" args=["generator-jquery-boilerplate",null]
7 verbose parsed url { protocol: null,
7 verbose parsed url   slashes: null,
7 verbose parsed url   auth: null,
7 verbose parsed url   host: null,
7 verbose parsed url   port: null,
7 verbose parsed url   hostname: null,
7 verbose parsed url   hash: null,
7 verbose parsed url   search: null,
7 verbose parsed url   query: null,
7 verbose parsed url   pathname: 'generator-jquery-boilerplate',
7 verbose parsed url   path: 'generator-jquery-boilerplate',
7 verbose parsed url   href: 'generator-jquery-boilerplate' }
8 silly lockFile c62597dd-generator-jquery-boilerplate generator-jquery-boilerplate
9 verbose lock generator-jquery-boilerplate /home/zallek/.npm/c62597dd-generator-jquery-boilerplate.lock
10 silly lockFile c62597dd-generator-jquery-boilerplate generator-jquery-boilerplate
11 silly lockFile c62597dd-generator-jquery-boilerplate generator-jquery-boilerplate
12 verbose addNamed [ 'generator-jquery-boilerplate', '' ]
13 verbose addNamed [ null, '*' ]
14 silly lockFile 3b86aa25-generator-jquery-boilerplate generator-jquery-boilerplate@
15 verbose lock generator-jquery-boilerplate@ /home/zallek/.npm/3b86aa25-generator-jquery-boilerplate.lock
16 silly addNameRange { name: 'generator-jquery-boilerplate',
16 silly addNameRange   range: '*',
16 silly addNameRange   hasData: false }
17 verbose request where is /generator-jquery-boilerplate
18 verbose request registry https://registry.npmjs.org/
19 verbose request id a2e2da4dadf68357
20 verbose url raw /generator-jquery-boilerplate
21 verbose url resolving [ 'https://registry.npmjs.org/',
21 verbose url resolving   './generator-jquery-boilerplate' ]
22 verbose url resolved https://registry.npmjs.org/generator-jquery-boilerplate
23 verbose request where is https://registry.npmjs.org/generator-jquery-boilerplate
24 info trying registry request attempt 1 at 20:27:54
25 http GET https://registry.npmjs.org/generator-jquery-boilerplate
26 http 200 https://registry.npmjs.org/generator-jquery-boilerplate
27 silly registry.get cb [ 200,
27 silly registry.get   { date: 'Wed, 01 Oct 2014 18:27:54 GMT',
27 silly registry.get     server: 'CouchDB/1.5.0 (Erlang OTP/R16B03)',
27 silly registry.get     etag: '"5CNN4766JB2G9IOBPUN9C72P9"',
27 silly registry.get     'content-type': 'application/json',
27 silly registry.get     'cache-control': 'max-age=60',
27 silly registry.get     'content-length': '9295',
27 silly registry.get     'accept-ranges': 'bytes',
27 silly registry.get     via: '1.1 varnish',
27 silly registry.get     age: '0',
27 silly registry.get     'x-served-by': 'cache-fra1235-FRA',
27 silly registry.get     'x-cache': 'MISS',
27 silly registry.get     'x-cache-hits': '0',
27 silly registry.get     'x-timer': 'S1412188074.277305,VS0,VE699',
27 silly registry.get     vary: 'Accept',
27 silly registry.get     'keep-alive': 'timeout=10, max=50',
27 silly registry.get     connection: 'Keep-Alive' } ]
28 silly addNameRange number 2 { name: 'generator-jquery-boilerplate',
28 silly addNameRange   range: '*',
28 silly addNameRange   hasData: true }
29 silly addNameRange versions [ 'generator-jquery-boilerplate',
29 silly addNameRange   [ '0.1.0', '0.1.1', '0.1.2' ] ]
30 verbose addNamed [ 'generator-jquery-boilerplate', '0.1.2' ]
31 verbose addNamed [ '0.1.2', '0.1.2' ]
32 silly lockFile 0464f15c-nerator-jquery-boilerplate-0-1-2 generator-jquery-boilerplate@0.1.2
33 verbose lock generator-jquery-boilerplate@0.1.2 /home/zallek/.npm/0464f15c-nerator-jquery-boilerplate-0-1-2.lock
34 silly lockFile 83965775-tor-jquery-boilerplate-0-1-2-tgz https://registry.npmjs.org/generator-jquery-boilerplate/-/generator-jquery-boilerplate-0.1.2.tgz
35 verbose lock https://registry.npmjs.org/generator-jquery-boilerplate/-/generator-jquery-boilerplate-0.1.2.tgz /home/zallek/.npm/83965775-tor-jquery-boilerplate-0-1-2-tgz.lock
36 verbose addRemoteTarball [ 'https://registry.npmjs.org/generator-jquery-boilerplate/-/generator-jquery-boilerplate-0.1.2.tgz',
36 verbose addRemoteTarball   '247c07adfc4d3aed7b500d2b112956a251000032' ]
37 info retry fetch attempt 1 at 20:27:55
38 verbose fetch to= /tmp/npm-3754-jBEfZMEn/registry.npmjs.org/generator-jquery-boilerplate/-/generator-jquery-boilerplate-0.1.2.tgz
39 http GET https://registry.npmjs.org/generator-jquery-boilerplate/-/generator-jquery-boilerplate-0.1.2.tgz
40 http 200 https://registry.npmjs.org/generator-jquery-boilerplate/-/generator-jquery-boilerplate-0.1.2.tgz
41 silly lockFile 83965775-tor-jquery-boilerplate-0-1-2-tgz https://registry.npmjs.org/generator-jquery-boilerplate/-/generator-jquery-boilerplate-0.1.2.tgz
42 silly lockFile 83965775-tor-jquery-boilerplate-0-1-2-tgz https://registry.npmjs.org/generator-jquery-boilerplate/-/generator-jquery-boilerplate-0.1.2.tgz
43 silly lockFile 0464f15c-nerator-jquery-boilerplate-0-1-2 generator-jquery-boilerplate@0.1.2
44 silly lockFile 0464f15c-nerator-jquery-boilerplate-0-1-2 generator-jquery-boilerplate@0.1.2
45 silly lockFile 3b86aa25-generator-jquery-boilerplate generator-jquery-boilerplate@
46 silly lockFile 3b86aa25-generator-jquery-boilerplate generator-jquery-boilerplate@
47 silly resolved [ { name: 'generator-jquery-boilerplate',
47 silly resolved     version: '0.1.2',
47 silly resolved     description: 'Yeoman Generator for jQuery Boilerplate',
47 silly resolved     main: 'app/index.js',
47 silly resolved     repository:
47 silly resolved      { type: 'git',
47 silly resolved        url: 'git://github.com/jquery-boilerplate/generator-jquery-boilerplate.git' },
47 silly resolved     keywords:
47 silly resolved      [ 'yeoman-generator',
47 silly resolved        'jquery-boilerplate',
47 silly resolved        'jquery-plugins',
47 silly resolved        'jquery',
47 silly resolved        'yeoman' ],
47 silly resolved     author: { name: 'Zeno Rocha', email: 'zno.rocha@gmail.com' },
47 silly resolved     license: [ [Object] ],
47 silly resolved     scripts: { test: 'mocha --reporter spec' },
47 silly resolved     peerDependencies: { yo: '>=1.0.0-rc.1.1' },
47 silly resolved     engines: { node: '>= 0.8.0', npm: '>=1.2.10' },
47 silly resolved     dependencies: { 'yeoman-generator': '~0.12.0', chalk: '~0.2.0' },
47 silly resolved     devDependencies: { mocha: '~1.12.0' },
47 silly resolved     readme: '# Yeoman Generator for jQuery Boilerplate [![Build Status](https://secure.travis-ci.org/jquery-boilerplate/generator-jquery-boilerplate.png?branch=master)](https://travis-ci.org/jquery-boilerplate/generator-jquery-boilerplate)\n\n> A Yeoman generator that provides a functional boilerplate to easily create jQuery plugins out of the box.\n\n## Usage\n\n1. Install the generator by running: `npm install -g generator-jquery-boilerplate`\n2. Run: `yo jquery-boilerplate`\n3. Start writing your jQuery plugin :)\n\n## Wanna know more?\n\nCheck [jQuery Boilerplate\'s](http://github.com/jquery-boilerplate/boilerplate) repository.\n\n## History\n\n* v0.1.2 August 8, 2013\n\t* Upgraded to yeoman-generator 0.12\n* v0.1.1 August 5, 2013\n\t* Moving to peerDeps\n* v0.1.0 May 10, 2013\n\t* Added continous integration using [Travis](https://travis-ci.org/jquery-boilerplate/generator/)\n\t* Added tests using [Mocha](http://visionmedia.github.io/mocha/)\n\t* Published package on [NPM](https://npmjs.org/package/generator-jquery-boilerplate)\n\t* Cloned Addy\'s [Generator Boilerplate](https://github.com/addyosmani/generator-boilerplate)\n\n## License\n\n[MIT License](http://zenorocha.mit-license.org/)\n',
47 silly resolved     readmeFilename: 'README.md',
47 silly resolved     bugs: { url: 'https://github.com/jquery-boilerplate/generator-jquery-boilerplate/issues' },
47 silly resolved     _id: 'generator-jquery-boilerplate@0.1.2',
47 silly resolved     dist:
47 silly resolved      { shasum: '247c07adfc4d3aed7b500d2b112956a251000032',
47 silly resolved        tarball: 'http://registry.npmjs.org/generator-jquery-boilerplate/-/generator-jquery-boilerplate-0.1.2.tgz' },
47 silly resolved     _from: 'generator-jquery-boilerplate@',
47 silly resolved     _npmVersion: '1.3.4',
47 silly resolved     _npmUser: { name: 'zenorocha', email: 'zno.rocha@gmail.com' },
47 silly resolved     maintainers: [ [Object] ],
47 silly resolved     directories: {},
47 silly resolved     _shasum: '247c07adfc4d3aed7b500d2b112956a251000032',
47 silly resolved     _resolved: 'https://registry.npmjs.org/generator-jquery-boilerplate/-/generator-jquery-boilerplate-0.1.2.tgz' } ]
48 info install generator-jquery-boilerplate@0.1.2 into /usr/lib
49 info installOne generator-jquery-boilerplate@0.1.2
50 verbose lib/node_modules/generator-jquery-boilerplate unbuild
51 verbose tar unpack /home/zallek/.npm/generator-jquery-boilerplate/0.1.2/package.tgz
52 silly lockFile d9696d4f-les-generator-jquery-boilerplate tar:///usr/lib/node_modules/generator-jquery-boilerplate
53 verbose lock tar:///usr/lib/node_modules/generator-jquery-boilerplate /home/zallek/.npm/d9696d4f-les-generator-jquery-boilerplate.lock
54 silly lockFile 2621d3d7-ry-boilerplate-0-1-2-package-tgz tar:///home/zallek/.npm/generator-jquery-boilerplate/0.1.2/package.tgz
55 verbose lock tar:///home/zallek/.npm/generator-jquery-boilerplate/0.1.2/package.tgz /home/zallek/.npm/2621d3d7-ry-boilerplate-0-1-2-package-tgz.lock
56 silly gunzTarPerm modes [ '775', '664' ]
57 error Error: EACCES, mkdir '/usr/lib/node_modules/generator-jquery-boilerplate'
57 error  { [Error: EACCES, mkdir '/usr/lib/node_modules/generator-jquery-boilerplate']
57 error   errno: 3,
57 error   code: 'EACCES',
57 error   path: '/usr/lib/node_modules/generator-jquery-boilerplate',
57 error   fstream_type: 'Directory',
57 error   fstream_path: '/usr/lib/node_modules/generator-jquery-boilerplate',
57 error   fstream_class: 'DirWriter',
57 error   fstream_stack:
57 error    [ '/usr/lib/node_modules/npm/node_modules/fstream/lib/dir-writer.js:36:23',
57 error      '/usr/lib/node_modules/npm/node_modules/mkdirp/index.js:46:53',
57 error      'Object.oncomplete (fs.js:107:15)' ] }
58 error Please try running this command again as root/Administrator.
59 error System Linux 3.13.0-36-generic
60 error command "/usr/bin/node" "/usr/bin/npm" "install" "-g" "generator-jquery-boilerplate"
61 error cwd /home/zallek/Workspace/sentry-js-test
62 error node -v v0.10.32
63 error npm -v 1.4.28
64 error path /usr/lib/node_modules/generator-jquery-boilerplate
65 error fstream_path /usr/lib/node_modules/generator-jquery-boilerplate
66 error fstream_type Directory
67 error fstream_class DirWriter
68 error code EACCES
69 error errno 3
70 error stack Error: EACCES, mkdir '/usr/lib/node_modules/generator-jquery-boilerplate'
71 error fstream_stack /usr/lib/node_modules/npm/node_modules/fstream/lib/dir-writer.js:36:23
71 error fstream_stack /usr/lib/node_modules/npm/node_modules/mkdirp/index.js:46:53
71 error fstream_stack Object.oncomplete (fs.js:107:15)
72 verbose exit [ 3, true ]
